D:\MORTALKOMBAT\VEZBE\VEZBA 5 - IPV6\DUALSTACK_UDP(ONE_SOCKET)\DUALSTACK_UDP(ONE SOCKET)\DEBUG\SERVER.EXE
D:\MORTALKOMBAT\VEZBE\VEZBA 5 - IPV6\DUALSTACK_UDP(ONE_SOCKET)\DUALSTACK_UDP(ONE SOCKET)\DEBUG\SERVER.PDB
D:\MORTALKOMBAT\VEZBE\VEZBA 5 - IPV6\DUALSTACK_UDP(ONE_SOCKET)\DUALSTACK_UDP(ONE SOCKET)\SERVER\DEBUG\SERVER.EXE.INTERMEDIATE.MANIFEST
D:\MORTALKOMBAT\VEZBE\VEZBA 5 - IPV6\DUALSTACK_UDP(ONE_SOCKET)\DUALSTACK_UDP(ONE SOCKET)\SERVER\DEBUG\SERVER.OBJ
D:\MORTALKOMBAT\VEZBE\VEZBA 5 - IPV6\DUALSTACK_UDP(ONE_SOCKET)\DUALSTACK_UDP(ONE SOCKET)\SERVER\DEBUG\VC100.PDB
D:\RA82-2015\VEZBE\PROJEKAT\DUALSTACK_TCP(FOUR SOCKET)\DEBUG\SERVER.EXE
D:\RA82-2015\VEZBE\PROJEKAT\DUALSTACK_TCP(FOUR SOCKET)\DEBUG\SERVER.PDB
D:\ra82-2015\vezbe\projekat\DualStack_TCP(four socket)\Server\Debug\cl.command.1.tlog
D:\ra82-2015\vezbe\projekat\DualStack_TCP(four socket)\Server\Debug\CL.read.1.tlog
D:\ra82-2015\vezbe\projekat\DualStack_TCP(four socket)\Server\Debug\CL.write.1.tlog
D:\ra82-2015\vezbe\projekat\DualStack_TCP(four socket)\Server\Debug\link.command.1.tlog
D:\ra82-2015\vezbe\projekat\DualStack_TCP(four socket)\Server\Debug\link.read.1.tlog
D:\ra82-2015\vezbe\projekat\DualStack_TCP(four socket)\Server\Debug\link.write.1.tlog
D:\ra82-2015\vezbe\projekat\DualStack_TCP(four socket)\Server\Debug\mt.command.1.tlog
D:\ra82-2015\vezbe\projekat\DualStack_TCP(four socket)\Server\Debug\mt.read.1.tlog
D:\ra82-2015\vezbe\projekat\DualStack_TCP(four socket)\Server\Debug\mt.write.1.tlog
D:\RA82-2015\VEZBE\PROJEKAT\DUALSTACK_TCP(FOUR SOCKET)\SERVER\DEBUG\SERVER.EXE.INTERMEDIATE.MANIFEST
D:\RA82-2015\VEZBE\PROJEKAT\DUALSTACK_TCP(FOUR SOCKET)\SERVER\DEBUG\SERVER.OBJ
D:\ra82-2015\vezbe\projekat\DualStack_TCP(four socket)\Server\Debug\Server.vcxprojResolveAssemblyReference.cache
D:\ra82-2015\vezbe\projekat\DualStack_TCP(four socket)\Server\Debug\Server.write.1.tlog
D:\ra82-2015\vezbe\projekat\DualStack_TCP(four socket)\Server\Debug\vc100.idb
D:\RA82-2015\VEZBE\PROJEKAT\DUALSTACK_TCP(FOUR SOCKET)\SERVER\DEBUG\VC100.PDB
